<?xml version="1.0" encoding="UTF-8"?>
<!-- Generated by org.testng.reporters.JUnitReportReporter -->
<testsuite hostname="LAPTOP-KPKH5SEF" failures="0" tests="1" name="com.group.Testcases.TestGroupLanding" time="4.321" errors="0" timestamp="17 Apr 2025 12:04:35 GMT" skipped="0">
  <testcase classname="com.group.Testcases.TestGroupLanding" name="runGroupLanding" time="4.321"/>
</testsuite> <!-- com.group.Testcases.TestGroupLanding -->
